
Showing logs for build [32mexplore-jenkinsx-environment-ro-1[0m stage [32mfrom-build-pack[0m and container [32mstep-credential-initializer-qlp7x[0m
{"level":"warn","ts":1574650001.7417183,"logger":"fallback-logger","caller":"logging/config.go:69","msg":"Fetch GitHub commit ID from kodata failed: \"ref: refs/heads/master\" is not a valid GitHub commit ID"}
{"level":"info","ts":1574650001.7420514,"logger":"fallback-logger","caller":"creds-init/main.go:40","msg":"Credentials initialized."}

Showing logs for build [32mexplore-jenkinsx-environment-ro-1[0m stage [32mfrom-build-pack[0m and container [32mstep-working-dir-initializer-8x6hx[0m
{"level":"warn","ts":1574650002.0210054,"logger":"fallback-logger","caller":"logging/config.go:69","msg":"Fetch GitHub commit ID from kodata failed: open /var/run/ko/HEAD: no such file or directory"}
{"level":"info","ts":1574650002.022586,"logger":"fallback-logger","caller":"bash/main.go:65","msg":"Successfully executed command \"mkdir -p /workspace/source\""}

Showing logs for build [32mexplore-jenkinsx-environment-ro-1[0m stage [32mfrom-build-pack[0m and container [32mstep-place-tools[0m

Showing logs for build [32mexplore-jenkinsx-environment-ro-1[0m stage [32mfrom-build-pack[0m and container [32mstep-git-source-explore-jenkinsx-environment-ro-jqlgv[0m
{"level":"warn","ts":1574650006.058689,"logger":"fallback-logger","caller":"logging/config.go:69","msg":"Fetch GitHub commit ID from kodata failed: \"ref: refs/heads/master\" is not a valid GitHub commit ID"}
{"level":"info","ts":1574650006.2497737,"logger":"fallback-logger","caller":"git/git.go:102","msg":"Successfully cloned https://github.com/explore-jenkinsx/environment-roarerspring-staging.git @ master in path /workspace/source"}

Showing logs for build [32mexplore-jenkinsx-environment-ro-1[0m stage [32mfrom-build-pack[0m and container [32mstep-git-merge[0m
Using SHAs from PULL_REFS=master:2b4ea6f56cc9565b233036413b0eaca122c93a52,1:72f70e2e4605ea5e8af142bb1ebd24ab2c637a8a
DEBUG: ran git fetch --unshallow origin 72f70e2e4605ea5e8af142bb1ebd24ab2c637a8a: 2b4ea6f56cc9565b233036413b0eaca122c93a52: in 
DEBUG: ran git checkout master in 
DEBUG: ran git reset --hard 2b4ea6f56cc9565b233036413b0eaca122c93a52 in 
DEBUG: ran clean --force -d . in 
DEBUG: ran git merge 72f70e2e4605ea5e8af142bb1ebd24ab2c637a8a in 
Merged SHA 72f70e2e4605ea5e8af142bb1ebd24ab2c637a8a with commit message 'chore: Promote go-qs8 to version 0.0.1' into base branch master

Showing logs for build [32mexplore-jenkinsx-environment-ro-1[0m stage [32mfrom-build-pack[0m and container [32mstep-build-helm-build[0m
WARNING: No $CHART_REPOSITORY defined so using the default value of: http://jenkins-x-chartmuseum:8080
Adding missing Helm repo: storage.googleapis.com https://storage.googleapis.com/chartmuseum.jenkins-x.io
Successfully added Helm repository storage.googleapis.com.
Adding missing Helm repo: jenkins-x-chartmuseum http://jenkins-x-chartmuseum:8080
Successfully added Helm repository jenkins-x-chartmuseum.
WARNING: No $CHART_REPOSITORY defined so using the default value of: http://jenkins-x-chartmuseum:8080
Adding missing Helm repo: chartmuseum.jenkins-x.io http://chartmuseum.jenkins-x.io
Successfully added Helm repository chartmuseum.jenkins-x.io.
